[19:14:30] [main/INFO]: Setting user: Player230
[19:14:36] [main/WARN]: Skipping bad option: lastServer:
[19:14:36] [main/INFO]: LWJGL Version: 2.9.4
[19:14:41] [main/INFO]: Reloading ResourceManager: Default, FMLFileResourcePack:Forge Mod Loader, FMLFileResourcePack:Minecraft Forge, FMLFileResourcePack:Baubles, FMLFileResourcePack:HomeoCraft
[19:14:44] [Sound Library Loader/INFO]: Starting up SoundSystem...
[19:14:44] [Thread-5/INFO]: Initializing LWJGL OpenAL
[19:14:44] [Thread-5/INFO]: (The LWJGL binding of OpenAL.  For more information, see http://www.lwjgl.org)
[19:14:45] [Thread-5/INFO]: OpenAL initialized.
[19:14:45] [Sound Library Loader/INFO]: Sound engine started
[19:14:51] [main/INFO]: Created: 512x512 textures-atlas
[19:14:54] [main/WARN]: Skipping bad option: lastServer:
[19:14:54] [main/INFO]: Narrator library for x64 successfully loaded
[19:14:55] [Realms Notification Availability checker #1/INFO]: Could not authorize you against Realms server: Invalid session id
[19:15:14] [Server thread/INFO]: Starting integrated minecraft server version 1.12.2
[19:15:14] [Server thread/INFO]: Generating keypair
[19:15:15] [Server thread/INFO]: Loaded 488 advancements
[19:15:15] [Server thread/INFO]: Preparing start region for level 0
[19:15:16] [Server thread/INFO]: Preparing spawn area: 8%
[19:15:17] [Server thread/INFO]: Preparing spawn area: 83%
[19:15:18] [Server thread/INFO]: Changing view distance to 12, from 10
[19:15:19] [Server thread/INFO]: Player230[local:E:6a983f78] logged in with entity id 224 at (-759.772524044764, 72.0, 387.99392326993944)
[19:15:19] [Server thread/INFO]: Player230 joined the game
[19:15:20] [Server thread/INFO]: Player230 has made the advancement [Acquire Hardware]
[19:15:22] [Server thread/INFO]: Saving and pausing game...
[19:15:23] [Server thread/INFO]: Saving chunks for level 'New World'/overworld
[19:15:23] [pool-2-thread-1/WARN]: Couldn't look up profile properties for com.mojang.authlib.GameProfile@5abfb4d6[id=d6021e41-7343-3bee-bb0e-33bf78c6e47d,name=Player230,properties={},legacy=false]
com.mojang.authlib.exceptions.AuthenticationException: The client has sent too many requests within a certain amount of time
	at com.mojang.authlib.yggdrasil.YggdrasilAuthenticationService.makeRequest(YggdrasilAuthenticationService.java:79) ~[YggdrasilAuthenticationService.class:?]
	at com.mojang.authlib.yggdrasil.YggdrasilMinecraftSessionService.fillGameProfile(YggdrasilMinecraftSessionService.java:180) [YggdrasilMinecraftSessionService.class:?]
	at com.mojang.authlib.yggdrasil.YggdrasilMinecraftSessionService$1.load(YggdrasilMinecraftSessionService.java:60) [YggdrasilMinecraftSessionService$1.class:?]
	at com.mojang.authlib.yggdrasil.YggdrasilMinecraftSessionService$1.load(YggdrasilMinecraftSessionService.java:57) [YggdrasilMinecraftSessionService$1.class:?]
	at com.google.common.cache.LocalCache$LoadingValueReference.loadFuture(LocalCache.java:3716) [guava-21.0.jar:?]
	at com.google.common.cache.LocalCache$Segment.loadSync(LocalCache.java:2424) [guava-21.0.jar:?]
	at com.google.common.cache.LocalCache$Segment.lockedGetOrLoad(LocalCache.java:2298) [guava-21.0.jar:?]
	at com.google.common.cache.LocalCache$Segment.get(LocalCache.java:2211) [guava-21.0.jar:?]
	at com.google.common.cache.LocalCache.get(LocalCache.java:4154) [guava-21.0.jar:?]
	at com.google.common.cache.LocalCache.getOrLoad(LocalCache.java:4158) [guava-21.0.jar:?]
	at com.google.common.cache.LocalCache$LocalLoadingCache.get(LocalCache.java:5147) [guava-21.0.jar:?]
	at com.google.common.cache.LocalCache$LocalLoadingCache.getUnchecked(LocalCache.java:5153) [guava-21.0.jar:?]
	at com.mojang.authlib.yggdrasil.YggdrasilMinecraftSessionService.fillProfileProperties(YggdrasilMinecraftSessionService.java:170) [YggdrasilMinecraftSessionService.class:?]
	at net.minecraft.client.Minecraft.getProfileProperties(Minecraft.java:3188) [Minecraft.class:?]
	at net.minecraft.client.resources.SkinManager$3.run(SkinManager.java:138) [SkinManager$3.class:?]
	at java.util.concurrent.Executors$RunnableAdapter.call(Executors.java:511) [?:1.8.0_161]
	at java.util.concurrent.FutureTask.run(FutureTask.java:266) [?:1.8.0_161]
	at java.util.concurrent.ThreadPoolExecutor.runWorker(ThreadPoolExecutor.java:1149) [?:1.8.0_161]
	at java.util.concurrent.ThreadPoolExecutor$Worker.run(ThreadPoolExecutor.java:624) [?:1.8.0_161]
	at java.lang.Thread.run(Thread.java:748) [?:1.8.0_161]
[19:15:23] [Server thread/INFO]: Saving chunks for level 'New World'/the_nether
[19:15:23] [Server thread/INFO]: Saving chunks for level 'New World'/the_end
[19:15:23] [main/INFO]: [CHAT] Player230 has made the advancement [Acquire Hardware]
[19:15:23] [Server thread/WARN]: Can't keep up! Did the system time change, or is the server overloaded? Running 2213ms behind, skipping 44 tick(s)
[19:15:23] [main/INFO]: Loaded 34 advancements
[19:15:36] [main/INFO]: [CHAT] Unknown command. Try /help for a list of commands
[19:15:51] [Server thread/INFO]: [Player230: Set own game mode to Survival Mode]
[19:15:51] [main/INFO]: [CHAT] Your game mode has been updated to Survival Mode
[19:15:57] [Server thread/INFO]: Saving and pausing game...
[19:15:57] [Server thread/INFO]: Saving chunks for level 'New World'/overworld
[19:15:57] [Server thread/INFO]: Saving chunks for level 'New World'/the_nether
[19:15:57] [Server thread/INFO]: Saving chunks for level 'New World'/the_end
[19:16:00] [Server thread/INFO]: Saving and pausing game...
[19:16:00] [Server thread/INFO]: Saving chunks for level 'New World'/overworld
[19:16:00] [Server thread/INFO]: Saving chunks for level 'New World'/the_nether
[19:16:00] [Server thread/INFO]: Saving chunks for level 'New World'/the_end
[19:16:00] [Server thread/INFO]: Stopping server
[19:16:00] [Server thread/INFO]: Saving players
[19:16:00] [Server thread/INFO]: Player230 lost connection: Disconnected
[19:16:00] [Server thread/INFO]: Player230 left the game
[19:16:00] [Server thread/INFO]: Stopping singleplayer server as player logged out
[19:16:00] [Server thread/INFO]: Saving worlds
[19:16:00] [Server thread/INFO]: Saving chunks for level 'New World'/overworld
[19:16:00] [Server thread/INFO]: Saving chunks for level 'New World'/the_nether
[19:16:00] [Server thread/INFO]: Saving chunks for level 'New World'/the_end
[19:16:13] [main/INFO]: Stopping!
[19:16:13] [main/INFO]: SoundSystem shutting down...
[19:16:14] [main/WARN]: Author: Paul Lamb, www.paulscode.com
